# JRE version: OpenJDK Runtime Environment Temurin-21.0.6+7 (21.0.6+7) (build 21.0.6+7-LTS)
# Java VM: OpenJDK 64-Bit Server VM Temurin-21.0.6+7 (21.0.6+7-LTS, mixed mode, emulated-client, sharing, tiered, compressed oops, compressed class ptrs, g1 gc, windows-amd64)
GC Precious Log:
 CardTable entry size: 512
 Card Set container configuration: InlinePtr #cards 4 size 8 Array Of Cards #cards 16 size 48 Howl #buckets 8 coarsen threshold 3686 Howl Bitmap #cards 512 size 80 coarsen threshold 460 Card regions per heap region 1 cards per card region 4096
 CPUs: 8 total, 8 available
 Memory: 16064M
 Large Page Support: Disabled
 NUMA Support: Disabled
 Compressed Oops: Enabled (Zero based)
 Heap Region Size: 2M
 Heap Min Capacity: 8M
 Heap Initial Capacity: 252M
 Heap Max Capacity: 4018M
 Pre-touch: Disabled
 Parallel Workers: 8
 Concurrent Workers: 2
 Concurrent Refinement Workers: 8
 Periodic GC: Disabled
Heap:
 garbage-first heap   total 96256K, used 39717K [0x0000000704e00000, 0x0000000800000000)
  region size 2048K, 7 young (14336K), 3 survivors (6144K)
 Metaspace       used 89763K, committed 90624K, reserved 1179648K
  class space    used 12490K, committed 12928K, reserved 1048576K
GC Heap History (20 events):
Event: 2950.955 GC heap before
{Heap before GC invocations=42 (full 9):
 garbage-first heap   total 96256K, used 76894K [0x0000000704e00000, 0x0000000800000000)
  region size 2048K, 24 young (49152K), 0 survivors (0K)
 Metaspace       used 88500K, committed 89280K, reserved 1179648K
  class space    used 12368K, committed 12736K, reserved 1048576K
}
Event: 2950.960 GC heap after
{Heap after GC invocations=43 (full 9):
 garbage-first heap   total 96256K, used 34650K [0x0000000704e00000, 0x0000000800000000)
  region size 2048K, 3 young (6144K), 3 survivors (6144K)
 Metaspace       used 88500K, committed 89280K, reserved 1179648K
  class space    used 12368K, committed 12736K, reserved 1048576K
}
Event: 2987.758 GC heap before
{Heap before GC invocations=43 (full 9):
 garbage-first heap   total 96256K, used 61274K [0x0000000704e00000, 0x0000000800000000)
  region size 2048K, 17 young (34816K), 3 survivors (6144K)
 Metaspace       used 88667K, committed 89536K, reserved 1179648K
  class space    used 12379K, committed 12800K, reserved 1048576K
}
Event: 2987.798 GC heap after
{Heap after GC invocations=44 (full 10):
 garbage-first heap   total 96256K, used 30012K [0x0000000704e00000, 0x0000000800000000)
  region size 2048K, 0 young (0K), 0 survivors (0K)
 Metaspace       used 88661K, committed 89536K, reserved 1179648K
  class space    used 12378K, committed 12800K, reserved 1048576K
}
Event: 2989.589 GC heap before
{Heap before GC invocations=44 (full 10):
 garbage-first heap   total 96256K, used 77116K [0x0000000704e00000, 0x0000000800000000)
  region size 2048K, 24 young (49152K), 0 survivors (0K)
 Metaspace       used 88805K, committed 89664K, reserved 1179648K
  class space    used 12398K, committed 12800K, reserved 1048576K
}
Event: 2989.593 GC heap after
{Heap after GC invocations=45 (full 10):
 garbage-first heap   total 96256K, used 34876K [0x0000000704e00000, 0x0000000800000000)
  region size 2048K, 3 young (6144K), 3 survivors (6144K)
 Metaspace       used 88805K, committed 89664K, reserved 1179648K
  class space    used 12398K, committed 12800K, reserved 1048576K
}
Event: 3157.226 GC heap before
{Heap before GC invocations=45 (full 10):
 garbage-first heap   total 96256K, used 65596K [0x0000000704e00000, 0x0000000800000000)
  region size 2048K, 19 young (38912K), 3 survivors (6144K)
 Metaspace       used 88979K, committed 89792K, reserved 1179648K
  class space    used 12409K, committed 12800K, reserved 1048576K
}
Event: 3157.264 GC heap after
{Heap after GC invocations=46 (full 11):
 garbage-first heap   total 96256K, used 30058K [0x0000000704e00000, 0x0000000800000000)
  region size 2048K, 0 young (0K), 0 survivors (0K)
 Metaspace       used 88842K, committed 89792K, reserved 1179648K
  class space    used 12373K, committed 12800K, reserved 1048576K
}
Event: 3158.925 GC heap before
{Heap before GC invocations=46 (full 11):
 garbage-first heap   total 96256K, used 77162K [0x0000000704e00000, 0x0000000800000000)
  region size 2048K, 24 young (49152K), 0 survivors (0K)
 Metaspace       used 88968K, committed 89856K, reserved 1179648K
  class space    used 12391K, committed 12800K, reserved 1048576K
}
Event: 3158.928 GC heap after
{Heap after GC invocations=47 (full 11):
 garbage-first heap   total 96256K, used 35025K [0x0000000704e00000, 0x0000000800000000)
  region size 2048K, 3 young (6144K), 3 survivors (6144K)
 Metaspace       used 88968K, committed 89856K, reserved 1179648K
  class space    used 12391K, committed 12800K, reserved 1048576K
}
Event: 3203.779 GC heap before
{Heap before GC invocations=47 (full 11):
 garbage-first heap   total 96256K, used 61649K [0x0000000704e00000, 0x0000000800000000)
  region size 2048K, 17 young (34816K), 3 survivors (6144K)
 Metaspace       used 89140K, committed 89984K, reserved 1179648K
  class space    used 12404K, committed 12800K, reserved 1048576K
}
Event: 3203.815 GC heap after
{Heap after GC invocations=48 (full 12):
 garbage-first heap   total 96256K, used 29917K [0x0000000704e00000, 0x0000000800000000)
  region size 2048K, 0 young (0K), 0 survivors (0K)
 Metaspace       used 89123K, committed 89984K, reserved 1179648K
  class space    used 12401K, committed 12800K, reserved 1048576K
}
Event: 3205.700 GC heap before
{Heap before GC invocations=48 (full 12):
 garbage-first heap   total 96256K, used 77021K [0x0000000704e00000, 0x0000000800000000)
  region size 2048K, 24 young (49152K), 0 survivors (0K)
 Metaspace       used 89254K, committed 90112K, reserved 1179648K
  class space    used 12421K, committed 12864K, reserved 1048576K
}
Event: 3205.704 GC heap after
{Heap after GC invocations=49 (full 12):
 garbage-first heap   total 96256K, used 34458K [0x0000000704e00000, 0x0000000800000000)
  region size 2048K, 3 young (6144K), 3 survivors (6144K)
 Metaspace       used 89254K, committed 90112K, reserved 1179648K
  class space    used 12421K, committed 12864K, reserved 1048576K
}
Event: 3391.269 GC heap before
{Heap before GC invocations=49 (full 12):
 garbage-first heap   total 96256K, used 79514K [0x0000000704e00000, 0x0000000800000000)
  region size 2048K, 25 young (51200K), 3 survivors (6144K)
 Metaspace       used 89470K, committed 90304K, reserved 1179648K
  class space    used 12445K, committed 12864K, reserved 1048576K
}
Event: 3391.275 GC heap after
{Heap after GC invocations=50 (full 12):
 garbage-first heap   total 96256K, used 38330K [0x0000000704e00000, 0x0000000800000000)
  region size 2048K, 3 young (6144K), 3 survivors (6144K)
 Metaspace       used 89470K, committed 90304K, reserved 1179648K
  class space    used 12445K, committed 12864K, reserved 1048576K
}
Event: 4096.857 GC heap before
{Heap before GC invocations=50 (full 12):
 garbage-first heap   total 96256K, used 77242K [0x0000000704e00000, 0x0000000800000000)
  region size 2048K, 23 young (47104K), 3 survivors (6144K)
 Metaspace       used 89473K, committed 90304K, reserved 1179648K
  class space    used 12445K, committed 12864K, reserved 1048576K
}
Event: 4096.893 GC heap after
{Heap after GC invocations=51 (full 13):
 garbage-first heap   total 96256K, used 27744K [0x0000000704e00000, 0x0000000800000000)
  region size 2048K, 0 young (0K), 0 survivors (0K)
 Metaspace       used 89405K, committed 90304K, reserved 1179648K
  class space    used 12428K, committed 12864K, reserved 1048576K
}
Event: 4098.444 GC heap before
{Heap before GC invocations=51 (full 13):
 garbage-first heap   total 96256K, used 76896K [0x0000000704e00000, 0x0000000800000000)
  region size 2048K, 25 young (51200K), 0 survivors (0K)
 Metaspace       used 89651K, committed 90560K, reserved 1179648K
  class space    used 12484K, committed 12928K, reserved 1048576K
}
Event: 4098.448 GC heap after
{Heap after GC invocations=52 (full 13):
 garbage-first heap   total 96256K, used 33573K [0x0000000704e00000, 0x0000000800000000)
  region size 2048K, 3 young (6144K), 3 survivors (6144K)
 Metaspace       used 89651K, committed 90560K, reserved 1179648K
  class space    used 12484K, committed 12928K, reserved 1048576K
}

