# JRE version: OpenJDK Runtime Environment Temurin-21.0.6+7 (21.0.6+7) (build 21.0.6+7-LTS)
# Java VM: OpenJDK 64-Bit Server VM Temurin-21.0.6+7 (21.0.6+7-LTS, mixed mode, emulated-client, sharing, tiered, compressed oops, compressed class ptrs, g1 gc, windows-amd64)
GC Precious Log:
 CardTable entry size: 512
 Card Set container configuration: InlinePtr #cards 4 size 8 Array Of Cards #cards 16 size 48 Howl #buckets 8 coarsen threshold 3686 Howl Bitmap #cards 512 size 80 coarsen threshold 460 Card regions per heap region 1 cards per card region 4096
 CPUs: 8 total, 8 available
 Memory: 16064M
 Large Page Support: Disabled
 NUMA Support: Disabled
 Compressed Oops: Enabled (Zero based)
 Heap Region Size: 2M
 Heap Min Capacity: 8M
 Heap Initial Capacity: 252M
 Heap Max Capacity: 4018M
 Pre-touch: Disabled
 Parallel Workers: 8
 Concurrent Workers: 2
 Concurrent Refinement Workers: 8
 Periodic GC: Disabled
Heap:
 garbage-first heap   total 96256K, used 73634K [0x0000000704e00000, 0x0000000800000000)
  region size 2048K, 23 young (47104K), 3 survivors (6144K)
 Metaspace       used 91946K, committed 92928K, reserved 1179648K
  class space    used 12812K, committed 13248K, reserved 1048576K
GC Heap History (20 events):
Event: 28502.505 GC heap after
{Heap after GC invocations=72 (full 8):
 garbage-first heap   total 96256K, used 34591K [0x0000000704e00000, 0x0000000800000000)
  region size 2048K, 3 young (6144K), 3 survivors (6144K)
 Metaspace       used 90096K, committed 90944K, reserved 1179648K
  class space    used 12606K, committed 12992K, reserved 1048576K
}
Event: 28512.070 GC heap before
{Heap before GC invocations=73 (full 8):
 garbage-first heap   total 96256K, used 63263K [0x0000000704e00000, 0x0000000800000000)
  region size 2048K, 18 young (36864K), 3 survivors (6144K)
 Metaspace       used 90182K, committed 91008K, reserved 1179648K
  class space    used 12588K, committed 12992K, reserved 1048576K
}
Event: 28512.103 GC heap after
{Heap after GC invocations=74 (full 9):
 garbage-first heap   total 96256K, used 30041K [0x0000000704e00000, 0x0000000800000000)
  region size 2048K, 0 young (0K), 0 survivors (0K)
 Metaspace       used 90169K, committed 91008K, reserved 1179648K
  class space    used 12585K, committed 12992K, reserved 1048576K
}
Event: 28514.425 GC heap before
{Heap before GC invocations=74 (full 9):
 garbage-first heap   total 96256K, used 79193K [0x0000000704e00000, 0x0000000800000000)
  region size 2048K, 25 young (51200K), 0 survivors (0K)
 Metaspace       used 90402K, committed 91200K, reserved 1179648K
  class space    used 12612K, committed 12992K, reserved 1048576K
}
Event: 28514.429 GC heap after
{Heap after GC invocations=75 (full 9):
 garbage-first heap   total 96256K, used 34546K [0x0000000704e00000, 0x0000000800000000)
  region size 2048K, 3 young (6144K), 3 survivors (6144K)
 Metaspace       used 90402K, committed 91200K, reserved 1179648K
  class space    used 12612K, committed 12992K, reserved 1048576K
}
Event: 28519.938 GC heap before
{Heap before GC invocations=76 (full 9):
 garbage-first heap   total 96256K, used 61170K [0x0000000704e00000, 0x0000000800000000)
  region size 2048K, 17 young (34816K), 3 survivors (6144K)
 Metaspace       used 90522K, committed 91328K, reserved 1179648K
  class space    used 12621K, committed 12992K, reserved 1048576K
}
Event: 28519.972 GC heap after
{Heap after GC invocations=77 (full 10):
 garbage-first heap   total 96256K, used 30279K [0x0000000704e00000, 0x0000000800000000)
  region size 2048K, 0 young (0K), 0 survivors (0K)
 Metaspace       used 90513K, committed 91328K, reserved 1179648K
  class space    used 12619K, committed 12992K, reserved 1048576K
}
Event: 28522.214 GC heap before
{Heap before GC invocations=77 (full 10):
 garbage-first heap   total 96256K, used 77383K [0x0000000704e00000, 0x0000000800000000)
  region size 2048K, 24 young (49152K), 0 survivors (0K)
 Metaspace       used 90644K, committed 91392K, reserved 1179648K
  class space    used 12645K, committed 12992K, reserved 1048576K
}
Event: 28522.217 GC heap after
{Heap after GC invocations=78 (full 10):
 garbage-first heap   total 96256K, used 34786K [0x0000000704e00000, 0x0000000800000000)
  region size 2048K, 3 young (6144K), 3 survivors (6144K)
 Metaspace       used 90644K, committed 91392K, reserved 1179648K
  class space    used 12645K, committed 12992K, reserved 1048576K
}
Event: 28531.792 GC heap before
{Heap before GC invocations=79 (full 10):
 garbage-first heap   total 96256K, used 63458K [0x0000000704e00000, 0x0000000800000000)
  region size 2048K, 18 young (36864K), 3 survivors (6144K)
 Metaspace       used 90876K, committed 91712K, reserved 1179648K
  class space    used 12661K, committed 13056K, reserved 1048576K
}
Event: 28531.832 GC heap after
{Heap after GC invocations=80 (full 11):
 garbage-first heap   total 96256K, used 30529K [0x0000000704e00000, 0x0000000800000000)
  region size 2048K, 0 young (0K), 0 survivors (0K)
 Metaspace       used 90863K, committed 91712K, reserved 1179648K
  class space    used 12659K, committed 13056K, reserved 1048576K
}
Event: 28534.154 GC heap before
{Heap before GC invocations=80 (full 11):
 garbage-first heap   total 96256K, used 79681K [0x0000000704e00000, 0x0000000800000000)
  region size 2048K, 25 young (51200K), 0 survivors (0K)
 Metaspace       used 91084K, committed 91840K, reserved 1179648K
  class space    used 12685K, committed 13056K, reserved 1048576K
}
Event: 28534.157 GC heap after
{Heap after GC invocations=81 (full 11):
 garbage-first heap   total 96256K, used 35130K [0x0000000704e00000, 0x0000000800000000)
  region size 2048K, 3 young (6144K), 3 survivors (6144K)
 Metaspace       used 91084K, committed 91840K, reserved 1179648K
  class space    used 12685K, committed 13056K, reserved 1048576K
}
Event: 28760.957 GC heap before
{Heap before GC invocations=82 (full 11):
 garbage-first heap   total 96256K, used 80186K [0x0000000704e00000, 0x0000000800000000)
  region size 2048K, 25 young (51200K), 3 survivors (6144K)
 Metaspace       used 91360K, committed 92224K, reserved 1179648K
  class space    used 12721K, committed 13120K, reserved 1048576K
}
Event: 28760.965 GC heap after
{Heap after GC invocations=83 (full 11):
 garbage-first heap   total 96256K, used 36875K [0x0000000704e00000, 0x0000000800000000)
  region size 2048K, 4 young (8192K), 4 survivors (8192K)
 Metaspace       used 91360K, committed 92224K, reserved 1179648K
  class space    used 12721K, committed 13120K, reserved 1048576K
}
Event: 28823.267 GC heap before
{Heap before GC invocations=83 (full 11):
 garbage-first heap   total 96256K, used 47115K [0x0000000704e00000, 0x0000000800000000)
  region size 2048K, 10 young (20480K), 4 survivors (8192K)
 Metaspace       used 91363K, committed 92224K, reserved 1179648K
  class space    used 12721K, committed 13120K, reserved 1048576K
}
Event: 28823.304 GC heap after
{Heap after GC invocations=84 (full 12):
 garbage-first heap   total 96256K, used 28354K [0x0000000704e00000, 0x0000000800000000)
  region size 2048K, 0 young (0K), 0 survivors (0K)
 Metaspace       used 91282K, committed 92224K, reserved 1179648K
  class space    used 12700K, committed 13120K, reserved 1048576K
}
Event: 28825.778 GC heap before
{Heap before GC invocations=84 (full 12):
 garbage-first heap   total 96256K, used 79554K [0x0000000704e00000, 0x0000000800000000)
  region size 2048K, 26 young (53248K), 0 survivors (0K)
 Metaspace       used 91541K, committed 92416K, reserved 1179648K
  class space    used 12758K, committed 13184K, reserved 1048576K
}
Event: 28825.786 GC heap after
{Heap after GC invocations=85 (full 12):
 garbage-first heap   total 96256K, used 34390K [0x0000000704e00000, 0x0000000800000000)
  region size 2048K, 3 young (6144K), 3 survivors (6144K)
 Metaspace       used 91541K, committed 92416K, reserved 1179648K
  class space    used 12758K, committed 13184K, reserved 1048576K
}
Event: 29048.052 GC heap before
{Heap before GC invocations=86 (full 12):
 garbage-first heap   total 96256K, used 73302K [0x0000000704e00000, 0x0000000800000000)
  region size 2048K, 23 young (47104K), 3 survivors (6144K)
 Metaspace       used 91946K, committed 92928K, reserved 1179648K
  class space    used 12812K, committed 13248K, reserved 1048576K
}

